Base path: /Applications/Unity/Unity.app/Contents
Pipe name: \\.\pipe\UnityShaderCompiler-64bit-4-415764480
Cmd: getPlatforms
Cmd: compileSnippet
  api=5 type=0 insize=3569 outsize=2933 kw=POINT_COOKIE ok=1
Cmd: compileSnippet
  api=5 type=1 insize=3569 outsize=6 kw=POINT_COOKIE ok=1
Cmd: compileSnippet
  api=5 type=0 insize=7025 outsize=4835 kw=DIRECTIONAL SHADOWS_SCREEN LIGHTMAP_OFF DIRLIGHTMAP_OFF DYNAMICLIGHTMAP_OFF ok=1
Cmd: compileSnippet
  api=5 type=1 insize=7025 outsize=6 kw=DIRECTIONAL SHADOWS_SCREEN LIGHTMAP_OFF DIRLIGHTMAP_OFF DYNAMICLIGHTMAP_OFF ok=1
Cmd: compileSnippet
  api=5 type=0 insize=3820 outsize=3900 kw=SPOT ok=1
Cmd: compileSnippet
  api=5 type=1 insize=3820 outsize=6 kw=SPOT ok=1
Cmd: compileSnippet
  api=5 type=0 insize=7523 outsize=7599 kw=DIRECTIONAL SHADOWS_OFF LIGHTMAP_OFF DIRLIGHTMAP_OFF DYNAMICLIGHTMAP_OFF VERTEXLIGHT_ON ok=1
Cmd: compileSnippet
  api=5 type=1 insize=7523 outsize=6 kw=DIRECTIONAL SHADOWS_SCREEN LIGHTMAP_OFF DIRLIGHTMAP_OFF DYNAMICLIGHTMAP_OFF ok=1
Cmd: compileSnippet
  api=5 type=0 insize=4918 outsize=5363 kw=SPOT ok=1
Cmd: compileSnippet
  api=5 type=1 insize=4918 outsize=6 kw=SPOT ok=1
Cmd: compileSnippet
  api=5 type=0 insize=6387 outsize=3707 kw=LIGHTMAP_OFF DIRLIGHTMAP_OFF DYNAMICLIGHTMAP_OFF UNITY_HDR_ON ok=1
Cmd: compileSnippet
  api=5 type=0 insize=7321 outsize=6645 kw=DIRECTIONAL SHADOWS_SCREEN LIGHTMAP_OFF DIRLIGHTMAP_OFF DYNAMICLIGHTMAP_OFF ok=1
Cmd: compileSnippet
  api=5 type=0 insize=7321 outsize=8175 kw=DIRECTIONAL SHADOWS_SCREEN SHADOWS_NATIVE LIGHTMAP_OFF DIRLIGHTMAP_OFF DYNAMICLIGHTMAP_OFF VERTEXLIGHT_ON ok=1
Cmd: compileSnippet
  api=5 type=1 insize=7321 outsize=6 kw=DIRECTIONAL SHADOWS_SCREEN SHADOWS_NATIVE LIGHTMAP_OFF DIRLIGHTMAP_OFF DYNAMICLIGHTMAP_OFF ok=1
Cmd: compileSnippet
  api=5 type=0 insize=4905 outsize=5363 kw=SPOT ok=1
Cmd: compileSnippet
  api=5 type=1 insize=4905 outsize=6 kw=SPOT ok=1
Cmd: compileSnippet
  api=5 type=1 insize=6080 outsize=6 kw=LIGHTMAP_OFF DIRLIGHTMAP_OFF DYNAMICLIGHTMAP_OFF UNITY_HDR_ON ok=1
Cmd: compileSnippet
  api=5 type=1 insize=797 outsize=6 kw=SHADOWS_CUBE ok=1
Cmd: compileSnippet
  api=5 type=0 insize=7562 outsize=8549 kw=DIRECTIONAL SHADOWS_SCREEN LIGHTMAP_OFF DIRLIGHTMAP_OFF DYNAMICLIGHTMAP_OFF VERTEXLIGHT_ON ok=1
Cmd: compileSnippet
  api=5 type=1 insize=7562 outsize=6 kw=DIRECTIONAL SHADOWS_SCREEN SHADOWS_NATIVE LIGHTMAP_OFF DIRLIGHTMAP_OFF DYNAMICLIGHTMAP_OFF ok=1
Cmd: compileSnippet
  api=5 type=0 insize=4944 outsize=5475 kw=SPOT ok=1
Cmd: compileSnippet
  api=5 type=1 insize=4944 outsize=6 kw=SPOT ok=1
Cmd: compileSnippet
  api=5 type=1 insize=6426 outsize=6 kw=LIGHTMAP_OFF DIRLIGHTMAP_OFF DYNAMICLIGHTMAP_OFF UNITY_HDR_ON ok=1
Cmd: compileSnippet
  api=5 type=0 insize=6920 outsize=5744 kw=DIRECTIONAL SHADOWS_SCREEN LIGHTMAP_OFF DIRLIGHTMAP_OFF DYNAMICLIGHTMAP_OFF VERTEXLIGHT_ON ok=1
Cmd: compileSnippet
  api=5 type=1 insize=6920 outsize=6 kw=DIRECTIONAL SHADOWS_SCREEN SHADOWS_NATIVE LIGHTMAP_OFF DIRLIGHTMAP_OFF DYNAMICLIGHTMAP_OFF ok=1
Cmd: compileSnippet
  api=5 type=0 insize=3732 outsize=3081 kw=POINT_COOKIE ok=1
Cmd: compileSnippet
  api=5 type=1 insize=3732 outsize=6 kw=SPOT ok=1
Cmd: compileSnippet
  api=5 type=1 insize=6059 outsize=6 kw=LIGHTMAP_OFF DIRLIGHTMAP_OFF DYNAMICLIGHTMAP_OFF UNITY_HDR_ON ok=1
Cmd: compileSnippet
  api=5 type=0 insize=7111 outsize=7807 kw=DIRECTIONAL SHADOWS_SCREEN LIGHTMAP_OFF DIRLIGHTMAP_OFF DYNAMICLIGHTMAP_OFF VERTEXLIGHT_ON ok=1
Cmd: compileSnippet
  api=5 type=1 insize=7111 outsize=6 kw=DIRECTIONAL SHADOWS_SCREEN SHADOWS_NATIVE LIGHTMAP_OFF DIRLIGHTMAP_OFF DYNAMICLIGHTMAP_OFF ok=1
Cmd: compileSnippet
  api=5 type=0 insize=3923 outsize=5091 kw=POINT_COOKIE ok=1
Cmd: compileSnippet
  api=5 type=1 insize=3923 outsize=6 kw=SPOT ok=1
Cmd: compileSnippet
  api=5 type=0 insize=3054 outsize=3250 kw=SHADOWS_CUBE ok=1
Cmd: compileSnippet
  api=5 type=0 insize=7502 outsize=7529 kw=DIRECTIONAL SHADOWS_OFF LIGHTMAP_OFF DIRLIGHTMAP_OFF DYNAMICLIGHTMAP_OFF VERTEXLIGHT_ON ok=1
Cmd: compileSnippet
  api=5 type=1 insize=7502 outsize=6 kw=DIRECTIONAL SHADOWS_SCREEN LIGHTMAP_OFF DIRLIGHTMAP_OFF DYNAMICLIGHTMAP_OFF ok=1
Cmd: compileSnippet
  api=5 type=0 insize=4314 outsize=5884 kw=SPOT ok=1
Cmd: compileSnippet
  api=5 type=1 insize=4314 outsize=6 kw=SPOT ok=1
Cmd: compileSnippet
  api=5 type=0 insize=63853 outsize=6376 kw=DIRECTIONAL SHADOWS_SCREEN LIGHTMAP_OFF DIRLIGHTMAP_OFF DYNAMICLIGHTMAP_OFF ok=1
Cmd: compileSnippet
  api=5 type=0 insize=63853 outsize=7908 kw=DIRECTIONAL SHADOWS_SCREEN SHADOWS_NATIVE LIGHTMAP_OFF DIRLIGHTMAP_OFF DYNAMICLIGHTMAP_OFF VERTEXLIGHT_ON ok=1
Cmd: compileSnippet
  api=5 type=0 insize=63853 outsize=10313 kw=DIRECTIONAL SHADOWS_SCREEN LIGHTMAP_OFF DIRLIGHTMAP_OFF DYNAMICLIGHTMAP_OFF VERTEXLIGHT_ON _TERRAIN_NORMAL_MAP ok=1
Cmd: compileSnippet
  api=5 type=1 insize=63853 outsize=6 kw=DIRECTIONAL SHADOWS_SCREEN LIGHTMAP_OFF DIRLIGHTMAP_OFF DYNAMICLIGHTMAP_OFF ok=1
Cmd: compileSnippet
  api=5 type=0 insize=40291 outsize=4287 kw=DIRECTIONAL ok=1
Cmd: compileSnippet
  api=5 type=0 insize=40291 outsize=4724 kw=DIRECTIONAL_COOKIE ok=1
Cmd: compileSnippet
  api=5 type=0 insize=40291 outsize=7095 kw=POINT_COOKIE _TERRAIN_NORMAL_MAP ok=1
Cmd: compileSnippet
  api=5 type=1 insize=40291 outsize=6 kw=POINT_COOKIE ok=1
Cmd: compileSnippet
  api=5 type=1 insize=40291 outsize=6 kw=POINT _TERRAIN_NORMAL_MAP ok=1
Cmd: compileSnippet
  api=5 type=1 insize=40291 outsize=6 kw=DIRECTIONAL_COOKIE _TERRAIN_NORMAL_MAP ok=1
Cmd: compileSnippet
  api=5 type=0 insize=31178 outsize=7598 kw=DIRECTIONAL SHADOWS_SCREEN LIGHTMAP_OFF DIRLIGHTMAP_OFF DYNAMICLIGHTMAP_OFF VERTEXLIGHT_ON ok=1
Cmd: compileSnippet
  api=5 type=1 insize=31178 outsize=6 kw=DIRECTIONAL SHADOWS_SCREEN SHADOWS_NATIVE LIGHTMAP_OFF DIRLIGHTMAP_OFF DYNAMICLIGHTMAP_OFF ok=1
Cmd: compileSnippet
  api=5 type=0 insize=18179 outsize=5170 kw=SPOT ok=1
Cmd: compileSnippet
  api=5 type=1 insize=18179 outsize=6 kw=SPOT ok=1
Cmd: compileSnippet
  api=5 type=0 insize=63517 outsize=7884 kw=DIRECTIONAL SHADOWS_SCREEN LIGHTMAP_OFF DIRLIGHTMAP_OFF DYNAMICLIGHTMAP_OFF VERTEXLIGHT_ON ok=1
Cmd: compileSnippet
  api=5 type=0 insize=63517 outsize=7954 kw=DIRECTIONAL SHADOWS_OFF LIGHTMAP_OFF DIRLIGHTMAP_OFF DYNAMICLIGHTMAP_OFF _TERRAIN_NORMAL_MAP ok=1
Cmd: compileSnippet
  api=5 type=0 insize=63517 outsize=8829 kw=DIRECTIONAL SHADOWS_SCREEN SHADOWS_NATIVE LIGHTMAP_OFF DIRLIGHTMAP_OFF DYNAMICLIGHTMAP_OFF _TERRAIN_NORMAL_MAP ok=1
Cmd: compileSnippet
  api=5 type=1 insize=63517 outsize=6 kw=DIRECTIONAL SHADOWS_SCREEN SHADOWS_NATIVE LIGHTMAP_OFF DIRLIGHTMAP_OFF DYNAMICLIGHTMAP_OFF ok=1
Cmd: compileSnippet
  api=5 type=1 insize=63517 outsize=6 kw=DIRECTIONAL SHADOWS_SCREEN SHADOWS_NATIVE LIGHTMAP_OFF DIRLIGHTMAP_OFF DYNAMICLIGHTMAP_OFF _TERRAIN_NORMAL_MAP ok=1
Cmd: compileSnippet
  api=5 type=0 insize=39955 outsize=4920 kw=POINT_COOKIE ok=1
Cmd: compileSnippet
  api=5 type=0 insize=39955 outsize=7345 kw=SPOT _TERRAIN_NORMAL_MAP ok=1
Cmd: compileSnippet
  api=5 type=0 insize=39955 outsize=6899 kw=DIRECTIONAL_COOKIE _TERRAIN_NORMAL_MAP ok=1
Cmd: compileSnippet
  api=5 type=1 insize=39955 outsize=6 kw=POINT_COOKIE ok=1
Cmd: compileSnippet
  api=5 type=1 insize=39955 outsize=6 kw=SPOT _TERRAIN_NORMAL_MAP ok=1
Cmd: compileSnippet
  api=5 type=0 insize=31010 outsize=6093 kw=DIRECTIONAL SHADOWS_SCREEN LIGHTMAP_OFF DIRLIGHTMAP_OFF DYNAMICLIGHTMAP_OFF ok=1
Cmd: compileSnippet
  api=5 type=0 insize=31010 outsize=6117 kw=DIRECTIONAL SHADOWS_SCREEN SHADOWS_NATIVE LIGHTMAP_OFF DIRLIGHTMAP_OFF DYNAMICLIGHTMAP_OFF ok=1
Cmd: compileSnippet
  api=5 type=0 insize=18011 outsize=4287 kw=DIRECTIONAL ok=1
Cmd: compileSnippet
  api=5 type=0 insize=18011 outsize=4724 kw=DIRECTIONAL_COOKIE ok=1
Cmd: compileSnippet
  api=5 type=1 insize=18011 outsize=6 kw=POINT_COOKIE ok=1
Cmd: compileSnippet
  api=5 type=0 insize=7037 outsize=4729 kw=DIRECTIONAL SHADOWS_SCREEN LIGHTMAP_OFF DIRLIGHTMAP_OFF DYNAMICLIGHTMAP_OFF ok=1
Cmd: compileSnippet
  api=5 type=0 insize=7037 outsize=4753 kw=DIRECTIONAL SHADOWS_SCREEN SHADOWS_NATIVE LIGHTMAP_OFF DIRLIGHTMAP_OFF DYNAMICLIGHTMAP_OFF ok=1
Cmd: compileSnippet
  api=5 type=0 insize=3832 outsize=2948 kw=DIRECTIONAL ok=1
Cmd: compileSnippet
  api=5 type=0 insize=3832 outsize=3346 kw=DIRECTIONAL_COOKIE ok=1
Cmd: compileSnippet
  api=5 type=1 insize=3832 outsize=6 kw=POINT_COOKIE ok=1
Cmd: compileSnippet
  api=5 type=0 insize=6076 outsize=3598 kw=LIGHTMAP_OFF DIRLIGHTMAP_OFF DYNAMICLIGHTMAP_OFF UNITY_HDR_ON ok=1
